<?xml version="1.0" encoding="UTF-8"?>
<coverage generated="1726153746816" clover="3.2.0">
  <project timestamp="1726153746816" name="All files">
    <metrics statements="7" coveredstatements="7" conditionals="2" coveredconditionals="1" methods="2" coveredmethods="2" elements="11" coveredelements="10" complexity="0" loc="7" ncloc="7" packages="1" files="2" classes="2"/>
    <file name="addGoblin.js" path="F:\HTML CSS\FE_doble2\netology\Goblin_js\src\js\addGoblin.js">
      <metrics statements="4" coveredstatements="4" conditionals="0" coveredconditionals="0" methods="1" coveredmethods="1"/>
      <line num="2" count="2" type="stmt"/>
      <line num="3" count="2" type="stmt"/>
      <line num="5" count="2" type="stmt"/>
      <line num="6" count="2" type="stmt"/>
    </file>
    <file name="deleteGoblin.js" path="F:\HTML CSS\FE_doble2\netology\Goblin_js\src\js\deleteGoblin.js">
      <metrics statements="3" coveredstatements="3" conditionals="2" coveredconditionals="1" methods="1" coveredmethods="1"/>
      <line num="2" count="1" type="stmt"/>
      <line num="4" count="1" type="cond" truecount="1" falsecount="1"/>
      <line num="5" count="1" type="stmt"/>
    </file>
  </project>
</coverage>
