{"F:\\HTML CSS\\FE_doble2\\netology\\Goblin_js\\src\\js\\addGoblin.js": {"path":"F:\\HTML CSS\\FE_doble2\\netology\\Goblin_js\\src\\js\\addGoblin.js","statementMap":{"0":{"start":{"line":2,"column":16},"end":{"line":2,"column":51}},"1":{"start":{"line":3,"column":19},"end":{"line":3,"column":59}},"2":{"start":{"line":5,"column":28},"end":{"line":5,"column":43}},"3":{"start":{"line":6,"column":2},"end":{"line":6,"column":54}}},"fnMap":{"0":{"name":"addGoblin","decl":{"start":{"line":1,"column":24},"end":{"line":1,"column":33}},"loc":{"start":{"line":1,"column":36},"end":{"line":7,"column":1}},"line":1}},"branchMap":{},"s":{"0":2,"1":2,"2":2,"3":2},"f":{"0":2},"b":{},"_coverageSchema":"1a1c01bbd47fc00a2c39e90264f33305004495a9","hash":"c74cb70062c958309bbb9d8dff02d39a935c2199"}
,"F:\\HTML CSS\\FE_doble2\\netology\\Goblin_js\\src\\js\\deleteGoblin.js": {"path":"F:\\HTML CSS\\FE_doble2\\netology\\Goblin_js\\src\\js\\deleteGoblin.js","statementMap":{"0":{"start":{"line":2,"column":25},"end":{"line":2,"column":68}},"1":{"start":{"line":4,"column":2},"end":{"line":6,"column":3}},"2":{"start":{"line":5,"column":4},"end":{"line":5,"column":56}}},"fnMap":{"0":{"name":"deleteGoblin","decl":{"start":{"line":1,"column":24},"end":{"line":1,"column":36}},"loc":{"start":{"line":1,"column":39},"end":{"line":7,"column":1}},"line":1}},"branchMap":{"0":{"loc":{"start":{"line":4,"column":2},"end":{"line":6,"column":3}},"type":"if","locations":[{"start":{"line":4,"column":2},"end":{"line":6,"column":3}},{"start":{},"end":{}}],"line":4}},"s":{"0":1,"1":1,"2":1},"f":{"0":1},"b":{"0":[1,0]},"_coverageSchema":"1a1c01bbd47fc00a2c39e90264f33305004495a9","hash":"b8e914fb5be71cec485b92c3fdb5754bb5c29280"}
}
